<?xml version="1.0" encoding="UTF-8" ?>
<testsuite tests="10" failures="0" name="com.lcc.cms.service.TestUserService" time="0.013" errors="0" skipped="0">
  <properties>
[...]
</properties>
  <testcase classname="com.lcc.cms.service.TestUserService" name="testAdd1" time="0.006"/>
  <testcase classname="com.lcc.cms.service.TestUserService" name="testAdd2" time="0.001"/>
  <testcase classname="com.lcc.cms.service.TestUserService" name="testAddNoGroup" time="0.001"/>
  <testcase classname="com.lcc.cms.service.TestUserService" name="testUpdateUser" time="0.003"/>
  <testcase classname="com.lcc.cms.service.TestUserService" name="testUpdateStatusNoUser" time="0"/>
  <testcase classname="com.lcc.cms.service.TestUserService" name="testFindUser" time="0"/>
  <testcase classname="com.lcc.cms.service.TestUserService" name="testUpdateStutus" time="0"/>
  <testcase classname="com.lcc.cms.service.TestUserService" name="testAddNoRole" time="0.001"/>
  <testcase classname="com.lcc.cms.service.TestUserService" name="testDelete" time="0"/>
  <testcase classname="com.lcc.cms.service.TestUserService" name="testAddHasUser" time="0.001"/>
</testsuite>