<?xml version="1.0" encoding="UTF-8"?>
<testsuite xmlns:xsi="http://www.w3.org/2001/XMLSchema-instance" xsi:noNamespaceSchemaLocation="https://maven.apache.org/surefire/maven-surefire-plugin/xsd/surefire-test-report.xsd" name="com.lcc.basic.dao.TestUserDao" time="2.202" tests="2" errors="0" skipped="0" failures="0">
  <properties>
[...]
</properties>
  <testcase name="testLoad" classname="com.lcc.basic.dao.TestUserDao" time="0.162"/>
  <testcase name="testDelete" classname="com.lcc.basic.dao.TestUserDao" time="0.059"/>
</testsuite>